<?xml version="1.0" encoding="UTF-8"?>
<testng-results ignored="0" total="9" passed="8" failed="1" skipped="0">
  <reporter-output>
    <line>
      <![CDATA[<br><a title="Screenshot" href="C:\Users\ADMIN\eclipse-workspace\ASSIGNMENT_2_SELENIUM\.\Screenshots\Can_not_find_button_logout.png"><img alt='Can_not_find_button_logout.png'src='.\Screenshots\Can_not_find_button_logout.png'height='243' width='418'</a><br>]]>
    </line>
    <line>
      <![CDATA[<br><a title="Screenshot" href="C:\Users\ADMIN\eclipse-workspace\ASSIGNMENT_2_SELENIUM\.\Screenshots\funixExample8.png"><img alt='funixExample8.png'src='.\Screenshots\funixExample8.png'height='243' width='418'</a><br>]]>
    </line>
  </reporter-output>
  <suite started-at="2023-06-08T10:11:55 ICT" name="Suite" finished-at="2023-06-08T10:13:35 ICT" duration-ms="100402">
    <groups>
    </groups>
    <test started-at="2023-06-08T10:11:55 ICT" name="Test" finished-at="2023-06-08T10:13:35 ICT" duration-ms="100402">
      <class name="com.automation.testcase.TC_LoginTest">
        <test-method is-config="true" signature="initDriverInstance()[pri:0, instance:com.automation.testcase.TC_LoginTest@29d80d2b]" started-at="2023-06-08T10:11:55 ICT" name="initDriverInstance" finished-at="2023-06-08T10:11:56 ICT" duration-ms="1327" status="PASS">
          <reporter-output>
          </reporter-output>
        </test-method> <!-- initDriverInstance -->
        <test-method signature="TC01_LoginFirstAccount(java.lang.String,java.lang.String,org.testng.ITestResult)[pri:0, instance:com.automation.testcase.TC_LoginTest@29d80d2b]" started-at="2023-06-08T10:11:57 ICT" name="TC01_LoginFirstAccount" data-provider="Excel" finished-at="2023-06-08T10:12:07 ICT" duration-ms="10248" status="PASS">
          <params>
            <param index="0">
              <value>
                <![CDATA[funixExample1@gmail.com]]>
              </value>
            </param>
            <param index="1">
              <value>
                <![CDATA[Abc@1234]]>
              </value>
            </param>
            <param index="2">
              <value is-null="true"/>
            </param>
          </params>
          <reporter-output>
          </reporter-output>
        </test-method> <!-- TC01_LoginFirstAccount -->
        <test-method is-config="true" signature="takeScreenshot(org.testng.ITestResult)[pri:0, instance:com.automation.testcase.TC_LoginTest@29d80d2b]" started-at="2023-06-08T10:12:07 ICT" name="takeScreenshot" finished-at="2023-06-08T10:12:07 ICT" duration-ms="0" status="PASS">
          <params>
            <param index="0">
              <value>
                <![CDATA[[TestResult name=TC01_LoginFirstAccount status=SUCCESS method=TC_LoginTest.TC01_LoginFirstAccount(java.lang.String,java.lang.String,org.testng.ITestResult)[pri:0, instance:com.automation.testcase.TC_LoginTest@29d80d2b] output={null}]]]>
              </value>
            </param>
          </params>
          <reporter-output>
          </reporter-output>
        </test-method> <!-- takeScreenshot -->
        <test-method signature="TC01_LoginFirstAccount(java.lang.String,java.lang.String,org.testng.ITestResult)[pri:0, instance:com.automation.testcase.TC_LoginTest@29d80d2b]" started-at="2023-06-08T10:12:07 ICT" name="TC01_LoginFirstAccount" data-provider="Excel" finished-at="2023-06-08T10:12:14 ICT" duration-ms="6750" status="PASS">
          <params>
            <param index="0">
              <value>
                <![CDATA[funixExample2@gmail.com]]>
              </value>
            </param>
            <param index="1">
              <value>
                <![CDATA[Abc@13579]]>
              </value>
            </param>
            <param index="2">
              <value is-null="true"/>
            </param>
          </params>
          <reporter-output>
          </reporter-output>
        </test-method> <!-- TC01_LoginFirstAccount -->
        <test-method is-config="true" signature="takeScreenshot(org.testng.ITestResult)[pri:0, instance:com.automation.testcase.TC_LoginTest@29d80d2b]" started-at="2023-06-08T10:12:14 ICT" name="takeScreenshot" finished-at="2023-06-08T10:12:14 ICT" duration-ms="0" status="PASS">
          <params>
            <param index="0">
              <value>
                <![CDATA[[TestResult name=TC01_LoginFirstAccount status=SUCCESS method=TC_LoginTest.TC01_LoginFirstAccount(java.lang.String,java.lang.String,org.testng.ITestResult)[pri:0, instance:com.automation.testcase.TC_LoginTest@29d80d2b] output={null}]]]>
              </value>
            </param>
          </params>
          <reporter-output>
          </reporter-output>
        </test-method> <!-- takeScreenshot -->
        <test-method signature="TC01_LoginFirstAccount(java.lang.String,java.lang.String,org.testng.ITestResult)[pri:0, instance:com.automation.testcase.TC_LoginTest@29d80d2b]" started-at="2023-06-08T10:12:14 ICT" name="TC01_LoginFirstAccount" data-provider="Excel" finished-at="2023-06-08T10:12:21 ICT" duration-ms="7558" status="PASS">
          <params>
            <param index="0">
              <value>
                <![CDATA[funixExample3@gmail.com]]>
              </value>
            </param>
            <param index="1">
              <value>
                <![CDATA[Funix1122]]>
              </value>
            </param>
            <param index="2">
              <value is-null="true"/>
            </param>
          </params>
          <reporter-output>
          </reporter-output>
        </test-method> <!-- TC01_LoginFirstAccount -->
        <test-method signature="TC01_LoginFirstAccount(java.lang.String,java.lang.String,org.testng.ITestResult)[pri:0, instance:com.automation.testcase.TC_LoginTest@29d80d2b]" started-at="2023-06-08T10:12:21 ICT" name="TC01_LoginFirstAccount" data-provider="Excel" finished-at="2023-06-08T10:12:30 ICT" duration-ms="8747" status="PASS">
          <params>
            <param index="0">
              <value>
                <![CDATA[funixExample4@gmail.com]]>
              </value>
            </param>
            <param index="1">
              <value>
                <![CDATA[Funix1234567]]>
              </value>
            </param>
            <param index="2">
              <value is-null="true"/>
            </param>
          </params>
          <reporter-output>
          </reporter-output>
        </test-method> <!-- TC01_LoginFirstAccount -->
        <test-method is-config="true" signature="takeScreenshot(org.testng.ITestResult)[pri:0, instance:com.automation.testcase.TC_LoginTest@29d80d2b]" started-at="2023-06-08T10:12:21 ICT" name="takeScreenshot" finished-at="2023-06-08T10:12:21 ICT" duration-ms="0" status="PASS">
          <params>
            <param index="0">
              <value>
                <![CDATA[[TestResult name=TC01_LoginFirstAccount status=SUCCESS method=TC_LoginTest.TC01_LoginFirstAccount(java.lang.String,java.lang.String,org.testng.ITestResult)[pri:0, instance:com.automation.testcase.TC_LoginTest@29d80d2b] output={null}]]]>
              </value>
            </param>
          </params>
          <reporter-output>
          </reporter-output>
        </test-method> <!-- takeScreenshot -->
        <test-method is-config="true" signature="takeScreenshot(org.testng.ITestResult)[pri:0, instance:com.automation.testcase.TC_LoginTest@29d80d2b]" started-at="2023-06-08T10:12:30 ICT" name="takeScreenshot" finished-at="2023-06-08T10:12:30 ICT" duration-ms="0" status="PASS">
          <params>
            <param index="0">
              <value>
                <![CDATA[[TestResult name=TC01_LoginFirstAccount status=SUCCESS method=TC_LoginTest.TC01_LoginFirstAccount(java.lang.String,java.lang.String,org.testng.ITestResult)[pri:0, instance:com.automation.testcase.TC_LoginTest@29d80d2b] output={null}]]]>
              </value>
            </param>
          </params>
          <reporter-output>
          </reporter-output>
        </test-method> <!-- takeScreenshot -->
        <test-method signature="TC01_LoginFirstAccount(java.lang.String,java.lang.String,org.testng.ITestResult)[pri:0, instance:com.automation.testcase.TC_LoginTest@29d80d2b]" started-at="2023-06-08T10:12:30 ICT" name="TC01_LoginFirstAccount" data-provider="Excel" finished-at="2023-06-08T10:12:39 ICT" duration-ms="8723" status="PASS">
          <params>
            <param index="0">
              <value>
                <![CDATA[funixExample5@gmail.com]]>
              </value>
            </param>
            <param index="1">
              <value>
                <![CDATA[Admin123]]>
              </value>
            </param>
            <param index="2">
              <value is-null="true"/>
            </param>
          </params>
          <reporter-output>
          </reporter-output>
        </test-method> <!-- TC01_LoginFirstAccount -->
        <test-method signature="TC01_LoginFirstAccount(java.lang.String,java.lang.String,org.testng.ITestResult)[pri:0, instance:com.automation.testcase.TC_LoginTest@29d80d2b]" started-at="2023-06-08T10:12:39 ICT" name="TC01_LoginFirstAccount" data-provider="Excel" finished-at="2023-06-08T10:12:44 ICT" duration-ms="5594" status="PASS">
          <params>
            <param index="0">
              <value>
                <![CDATA[funixExample6@gmail.com]]>
              </value>
            </param>
            <param index="1">
              <value>
                <![CDATA[Abc@000]]>
              </value>
            </param>
            <param index="2">
              <value is-null="true"/>
            </param>
          </params>
          <reporter-output>
          </reporter-output>
        </test-method> <!-- TC01_LoginFirstAccount -->
        <test-method is-config="true" signature="takeScreenshot(org.testng.ITestResult)[pri:0, instance:com.automation.testcase.TC_LoginTest@29d80d2b]" started-at="2023-06-08T10:12:39 ICT" name="takeScreenshot" finished-at="2023-06-08T10:12:39 ICT" duration-ms="0" status="PASS">
          <params>
            <param index="0">
              <value>
                <![CDATA[[TestResult name=TC01_LoginFirstAccount status=SUCCESS method=TC_LoginTest.TC01_LoginFirstAccount(java.lang.String,java.lang.String,org.testng.ITestResult)[pri:0, instance:com.automation.testcase.TC_LoginTest@29d80d2b] output={null}]]]>
              </value>
            </param>
          </params>
          <reporter-output>
          </reporter-output>
        </test-method> <!-- takeScreenshot -->
        <test-method signature="TC01_LoginFirstAccount(java.lang.String,java.lang.String,org.testng.ITestResult)[pri:0, instance:com.automation.testcase.TC_LoginTest@29d80d2b]" started-at="2023-06-08T10:12:44 ICT" name="TC01_LoginFirstAccount" data-provider="Excel" finished-at="2023-06-08T10:12:49 ICT" duration-ms="5073" status="PASS">
          <params>
            <param index="0">
              <value>
                <![CDATA[funixExample7@gmail.com]]>
              </value>
            </param>
            <param index="1">
              <value>
                <![CDATA[Abc@111]]>
              </value>
            </param>
            <param index="2">
              <value is-null="true"/>
            </param>
          </params>
          <reporter-output>
          </reporter-output>
        </test-method> <!-- TC01_LoginFirstAccount -->
        <test-method is-config="true" signature="takeScreenshot(org.testng.ITestResult)[pri:0, instance:com.automation.testcase.TC_LoginTest@29d80d2b]" started-at="2023-06-08T10:12:44 ICT" name="takeScreenshot" finished-at="2023-06-08T10:12:44 ICT" duration-ms="0" status="PASS">
          <params>
            <param index="0">
              <value>
                <![CDATA[[TestResult name=TC01_LoginFirstAccount status=SUCCESS method=TC_LoginTest.TC01_LoginFirstAccount(java.lang.String,java.lang.String,org.testng.ITestResult)[pri:0, instance:com.automation.testcase.TC_LoginTest@29d80d2b] output={null}]]]>
              </value>
            </param>
          </params>
          <reporter-output>
          </reporter-output>
        </test-method> <!-- takeScreenshot -->
        <test-method signature="TC01_LoginFirstAccount(java.lang.String,java.lang.String,org.testng.ITestResult)[pri:0, instance:com.automation.testcase.TC_LoginTest@29d80d2b]" started-at="2023-06-08T10:12:49 ICT" name="TC01_LoginFirstAccount" data-provider="Excel" finished-at="2023-06-08T10:13:28 ICT" duration-ms="38074" status="FAIL">
          <params>
            <param index="0">
              <value>
                <![CDATA[funixExample8@gmail.com]]>
              </value>
            </param>
            <param index="1">
              <value>
                <![CDATA[Abc@112]]>
              </value>
            </param>
            <param index="2">
              <value is-null="true"/>
            </param>
          </params>
          <exception class="java.lang.AssertionError">
            <message>
              <![CDATA[The following asserts failed:
null]]>
            </message>
            <full-stacktrace>
              <![CDATA[java.lang.AssertionError: The following asserts failed:
null
at org.testng.asserts.SoftAssert.assertAll(SoftAssert.java:47)
at org.testng.asserts.SoftAssert.assertAll(SoftAssert.java:31)
at com.automation.testcase.TC_LoginTest.TC01_LoginFirstAccount(TC_LoginTest.java:48)
at java.base/jdk.internal.reflect.NativeMethodAccessorImpl.invoke0(Native Method)
at java.base/jdk.internal.reflect.NativeMethodAccessorImpl.invoke(NativeMethodAccessorImpl.java:77)
at java.base/jdk.internal.reflect.DelegatingMethodAccessorImpl.invoke(DelegatingMethodAccessorImpl.java:43)
at java.base/java.lang.reflect.Method.invoke(Method.java:568)
at org.testng.internal.MethodInvocationHelper.invokeMethod(MethodInvocationHelper.java:133)
at org.testng.internal.TestInvoker.invokeMethod(TestInvoker.java:598)
at org.testng.internal.TestInvoker.invokeTestMethod(TestInvoker.java:173)
at org.testng.internal.MethodRunner.runInSequence(MethodRunner.java:46)
at org.testng.internal.TestInvoker$MethodInvocationAgent.invoke(TestInvoker.java:824)
at org.testng.internal.TestInvoker.invokeTestMethods(TestInvoker.java:146)
at org.testng.internal.TestMethodWorker.invokeTestMethods(TestMethodWorker.java:146)
at org.testng.internal.TestMethodWorker.run(TestMethodWorker.java:128)
at java.base/java.util.ArrayList.forEach(ArrayList.java:1511)
at org.testng.TestRunner.privateRun(TestRunner.java:794)
at org.testng.TestRunner.run(TestRunner.java:596)
at org.testng.SuiteRunner.runTest(SuiteRunner.java:377)
at org.testng.SuiteRunner.runSequentially(SuiteRunner.java:371)
at org.testng.SuiteRunner.privateRun(SuiteRunner.java:332)
at org.testng.SuiteRunner.run(SuiteRunner.java:276)
at org.testng.SuiteRunnerWorker.runSuite(SuiteRunnerWorker.java:53)
at org.testng.SuiteRunnerWorker.run(SuiteRunnerWorker.java:96)
at org.testng.TestNG.runSuitesSequentially(TestNG.java:1212)
at org.testng.TestNG.runSuitesLocally(TestNG.java:1134)
at org.testng.TestNG.runSuites(TestNG.java:1063)
at org.testng.TestNG.run(TestNG.java:1031)
at org.testng.remote.AbstractRemoteTestNG.run(AbstractRemoteTestNG.java:115)
at org.testng.remote.RemoteTestNG.initAndRun(RemoteTestNG.java:251)
at org.testng.remote.RemoteTestNG.main(RemoteTestNG.java:77)
]]>
            </full-stacktrace>
          </exception> <!-- java.lang.AssertionError -->
          <reporter-output>
            <line>
              <![CDATA[<br><a title="Screenshot" href="C:\Users\ADMIN\eclipse-workspace\ASSIGNMENT_2_SELENIUM\.\Screenshots\Can_not_find_button_logout.png"><img alt='Can_not_find_button_logout.png'src='.\Screenshots\Can_not_find_button_logout.png'height='243' width='418'</a><br>]]>
            </line>
          </reporter-output>
        </test-method> <!-- TC01_LoginFirstAccount -->
        <test-method is-config="true" signature="takeScreenshot(org.testng.ITestResult)[pri:0, instance:com.automation.testcase.TC_LoginTest@29d80d2b]" started-at="2023-06-08T10:12:49 ICT" name="takeScreenshot" finished-at="2023-06-08T10:12:49 ICT" duration-ms="0" status="PASS">
          <params>
            <param index="0">
              <value>
                <![CDATA[[TestResult name=TC01_LoginFirstAccount status=SUCCESS method=TC_LoginTest.TC01_LoginFirstAccount(java.lang.String,java.lang.String,org.testng.ITestResult)[pri:0, instance:com.automation.testcase.TC_LoginTest@29d80d2b] output={null}]]]>
              </value>
            </param>
          </params>
          <reporter-output>
          </reporter-output>
        </test-method> <!-- takeScreenshot -->
        <test-method is-config="true" signature="takeScreenshot(org.testng.ITestResult)[pri:0, instance:com.automation.testcase.TC_LoginTest@29d80d2b]" started-at="2023-06-08T10:13:28 ICT" name="takeScreenshot" finished-at="2023-06-08T10:13:28 ICT" duration-ms="75" status="PASS">
          <params>
            <param index="0">
              <value>
                <![CDATA[[TestResult name=TC01_LoginFirstAccount status=FAILURE method=TC_LoginTest.TC01_LoginFirstAccount(java.lang.String,java.lang.String,org.testng.ITestResult)[pri:0, instance:com.automation.testcase.TC_LoginTest@29d80d2b] output=<br><a title="Screenshot" href="C:\Users\ADMIN\eclipse-workspace\ASSIGNMENT_2_SELENIUM\.\Screenshots\Can_not_find_button_logout.png"><img alt='Can_not_find_button_logout.png'src='.\Screenshots\Can_not_find_button_logout.png'height='243' width='418'</a><br>]]]>
              </value>
            </param>
          </params>
          <reporter-output>
            <line>
              <![CDATA[<br><a title="Screenshot" href="C:\Users\ADMIN\eclipse-workspace\ASSIGNMENT_2_SELENIUM\.\Screenshots\funixExample8.png"><img alt='funixExample8.png'src='.\Screenshots\funixExample8.png'height='243' width='418'</a><br>]]>
            </line>
          </reporter-output>
        </test-method> <!-- takeScreenshot -->
        <test-method signature="TC01_LoginFirstAccount(java.lang.String,java.lang.String,org.testng.ITestResult)[pri:0, instance:com.automation.testcase.TC_LoginTest@29d80d2b]" started-at="2023-06-08T10:13:28 ICT" name="TC01_LoginFirstAccount" data-provider="Excel" finished-at="2023-06-08T10:13:35 ICT" duration-ms="7640" status="PASS">
          <params>
            <param index="0">
              <value>
                <![CDATA[funixExample7@gmail.com]]>
              </value>
            </param>
            <param index="1">
              <value>
                <![CDATA[Abc@111]]>
              </value>
            </param>
            <param index="2">
              <value is-null="true"/>
            </param>
          </params>
          <reporter-output>
          </reporter-output>
        </test-method> <!-- TC01_LoginFirstAccount -->
        <test-method is-config="true" signature="takeScreenshot(org.testng.ITestResult)[pri:0, instance:com.automation.testcase.TC_LoginTest@29d80d2b]" started-at="2023-06-08T10:13:35 ICT" name="takeScreenshot" finished-at="2023-06-08T10:13:35 ICT" duration-ms="0" status="PASS">
          <params>
            <param index="0">
              <value>
                <![CDATA[[TestResult name=TC01_LoginFirstAccount status=SUCCESS method=TC_LoginTest.TC01_LoginFirstAccount(java.lang.String,java.lang.String,org.testng.ITestResult)[pri:0, instance:com.automation.testcase.TC_LoginTest@29d80d2b] output={null}]]]>
              </value>
            </param>
          </params>
          <reporter-output>
          </reporter-output>
        </test-method> <!-- takeScreenshot -->
        <test-method is-config="true" signature="closeDriverInstance()[pri:0, instance:com.automation.testcase.TC_LoginTest@29d80d2b]" started-at="2023-06-08T10:13:35 ICT" name="closeDriverInstance" finished-at="2023-06-08T10:13:35 ICT" duration-ms="72" status="PASS">
          <reporter-output>
          </reporter-output>
        </test-method> <!-- closeDriverInstance -->
      </class> <!-- com.automation.testcase.TC_LoginTest -->
    </test> <!-- Test -->
  </suite> <!-- Suite -->
</testng-results>
